Using pre-set license
Built from '2020.3/staging' branch; Version is '2020.3.16f1 (049d6eca3c44) revision 302446'; Using compiler version '192528614'; Build Type 'Release'
OS: 'Windows 10 Home; OS build 19043.1237; Version 2009; 64bit' Language: 'en' Physical Memory: 16331 MB
BatchMode: 1, IsHumanControllingUs: 0, StartBugReporterOnCrash: 0, Is64bit: 1, IsPro: 0

 COMMAND LINE ARGUMENTS:
D:\Unity\2020.3.16f1\Editor\Unity.exe
-adb2
-batchMode
-noUpm
-name
AssetImportWorker0
-projectPath
C:/Users/91230/OneDrive/Desktop/Tutorial 1.5
-logFile
Logs/AssetImportWorker0.log
-srvPort
59457
Successfully changed project path to: C:/Users/91230/OneDrive/Desktop/Tutorial 1.5
C:/Users/91230/OneDrive/Desktop/Tutorial 1.5
Using Asset Import Pipeline V2.
Refreshing native plugins compatible for Editor in 36.45 ms, found 3 plugins.
Preloading 0 native plugins for Editor in 0.00 ms.
Initialize engine version: 2020.3.16f1 (049d6eca3c44)
[Subsystems] Discovering subsystems at path D:/Unity/2020.3.16f1/Editor/Data/Resources/UnitySubsystems
[Subsystems] Discovering subsystems at path C:/Users/91230/OneDrive/Desktop/Tutorial 1.5/Assets
GfxDevice: creating device client; threaded=0
Direct3D:
    Version:  Direct3D 11.0 [level 11.1]
    Renderer: NVIDIA GeForce RTX 2070 SUPER (ID=0x1e84)
    Vendor:   
    VRAM:     8011 MB
    Driver:   27.21.14.5671
Initialize mono
Mono path[0] = 'D:/Unity/2020.3.16f1/Editor/Data/Managed'
Mono path[1] = 'D:/Unity/2020.3.16f1/Editor/Data/MonoBleedingEdge/lib/mono/unityjit'
Mono config path = 'D:/Unity/2020.3.16f1/Editor/Data/MonoBleedingEdge/etc'
Using monoOptions --debugger-agent=transport=dt_socket,embedding=1,server=y,suspend=n,address=127.0.0.1:56468
Begin MonoManager ReloadAssembly
Registering precompiled unity dll's ...
Register platform support module: D:/Unity/2020.3.16f1/Editor/Data/PlaybackEngines/WindowsStandaloneSupport/UnityEditor.WindowsStandalone.Extensions.dll
Registered in 0.000870 seconds.
Native extension for WindowsStandalone target not found
Refreshing native plugins compatible for Editor in 36.37 ms, found 3 plugins.
Preloading 0 native plugins for Editor in 0.00 ms.
Mono: successfully reloaded assembly
- Completed reload, in  0.714 seconds
Domain Reload Profiling:
	ReloadAssembly (714ms)
		BeginReloadAssembly (40ms)
			ExecutionOrderSort (0ms)
			DisableScriptedObjects (0ms)
			BackupInstance (0ms)
			ReleaseScriptingObjects (0ms)
			CreateAndSetChildDomain (1ms)
		EndReloadAssembly (338ms)
			LoadAssemblies (39ms)
			RebuildTransferFunctionScriptingTraits (0ms)
			SetupTypeCache (119ms)
			ReleaseScriptCaches (0ms)
			RebuildScriptCaches (26ms)
			SetupLoadedEditorAssemblies (140ms)
				LogAssemblyErrors (0ms)
				InitializePlatformSupportModulesInManaged (3ms)
				SetLoadedEditorAssemblies (0ms)
				RefreshPlugins (36ms)
				BeforeProcessingInitializeOnLoad (10ms)
				ProcessInitializeOnLoadAttributes (64ms)
				ProcessInitializeOnLoadMethodAttributes (27ms)
				AfterProcessingInitializeOnLoad (0ms)
				EditorAssembliesLoaded (0ms)
			ExecutionOrderSort2 (0ms)
			AwakeInstancesAfterBackupRestoration (0ms)
Platform modules already initialized, skipping
Registering precompiled user dll's ...
Registered in 0.003375 seconds.
Begin MonoManager ReloadAssembly
Native extension for WindowsStandalone target not found
Refreshing native plugins compatible for Editor in 44.27 ms, found 3 plugins.
Preloading 0 native plugins for Editor in 0.00 ms.
Mono: successfully reloaded assembly
- Completed reload, in  1.010 seconds
Domain Reload Profiling:
	ReloadAssembly (1011ms)
		BeginReloadAssembly (122ms)
			ExecutionOrderSort (0ms)
			DisableScriptedObjects (4ms)
			BackupInstance (0ms)
			ReleaseScriptingObjects (0ms)
			CreateAndSetChildDomain (18ms)
		EndReloadAssembly (840ms)
			LoadAssemblies (70ms)
			RebuildTransferFunctionScriptingTraits (0ms)
			SetupTypeCache (245ms)
			ReleaseScriptCaches (0ms)
			RebuildScriptCaches (43ms)
			SetupLoadedEditorAssemblies (379ms)
				LogAssemblyErrors (0ms)
				InitializePlatformSupportModulesInManaged (3ms)
				SetLoadedEditorAssemblies (0ms)
				RefreshPlugins (44ms)
				BeforeProcessingInitializeOnLoad (73ms)
				ProcessInitializeOnLoadAttributes (247ms)
				ProcessInitializeOnLoadMethodAttributes (10ms)
				AfterProcessingInitializeOnLoad (2ms)
				EditorAssembliesLoaded (0ms)
			ExecutionOrderSort2 (0ms)
			AwakeInstancesAfterBackupRestoration (5ms)
Platform modules already initialized, skipping
========================================================================
Worker process is ready to serve import requests
Launched and connected shader compiler UnityShaderCompiler.exe after 0.58 seconds
Refreshing native plugins compatible for Editor in 0.48 ms, found 3 plugins.
Preloading 0 native plugins for Editor in 0.00 ms.
Unloading 2091 Unused Serialized files (Serialized files now loaded: 0)
System memory in use before: 95.5 MB.
System memory in use after: 95.6 MB.

Unloading 28 unused Assets to reduce memory usage. Loaded Objects now: 2528.
Total: 2.773400 ms (FindLiveObjects: 0.190200 ms CreateObjectMapping: 0.043900 ms MarkObjects: 2.481100 ms  DeleteObjects: 0.057400 ms)

AssetImportParameters requested are different than current active one (requested -> active):
  custom:framework-win-MediaFoundation: 216162199b28c13a410421893ffa2e32 -> 
  custom:video-decoder-ogg-theora: a1e56fd34408186e4bbccfd4996cb3dc -> 
  custom:container-muxer-webm: aa71ff27fc2769a1b78a27578f13a17b -> 
  custom:container-demuxer-webm: 4f35f7cbe854078d1ac9338744f61a02 -> 
  custom:container-demuxer-ogg: 62fdf1f143b41e24485cea50d1cbac27 -> 
  custom:video-encoder-webm-vp8: eb34c28f22e8b96e1ab97ce403110664 -> 
  custom:video-decoder-webm-vp8: 9c59270c3fd7afecdb556c50c9e8de78 -> 
  custom:audio-decoder-ogg-vorbis: bf7c407c2cedff20999df2af8eb42d56 -> 
  custom:audio-encoder-webm-vorbis: bf7c407c2cedff20999df2af8eb42d56 -> 
========================================================================
Received Import Request.
  path: Assets/42b4b.ogg
  artifactKey: Guid(e96714d0123e1b248a285b9de0b0b964) Importer(815301076,1909f56bfc062723c751e8b465ee728b)
Start importing Assets/42b4b.ogg using Guid(e96714d0123e1b248a285b9de0b0b964) Importer(815301076,1909f56bfc062723c751e8b465ee728b)  -> (artifact id: 'f6ed34415f815ccd4704c17c00c58f3c') in 0.087226 seconds 
  Import took 0.090728 seconds .

========================================================================
Received Import Request.
  Time since last request: 0.000182 seconds.
  path: Assets/prepare_your_swords.ogg
  artifactKey: Guid(3ba4ae5c2ab564e429cc8a98e8e109e8) Importer(815301076,1909f56bfc062723c751e8b465ee728b)
Start importing Assets/prepare_your_swords.ogg using Guid(3ba4ae5c2ab564e429cc8a98e8e109e8) Importer(815301076,1909f56bfc062723c751e8b465ee728b)  -> (artifact id: '8c573218810ac3a6c27c3e94b39ccd55') in 0.015260 seconds 
  Import took 0.018698 seconds .

========================================================================
Received Import Request.
  Time since last request: 0.072264 seconds.
  path: Assets/42b4b.ogg
  artifactKey: Guid(e96714d0123e1b248a285b9de0b0b964) Importer(815301076,1909f56bfc062723c751e8b465ee728b)
Start importing Assets/42b4b.ogg using Guid(e96714d0123e1b248a285b9de0b0b964) Importer(815301076,1909f56bfc062723c751e8b465ee728b)  -> (artifact id: 'f6ed34415f815ccd4704c17c00c58f3c') in 0.011974 seconds 
  Import took 0.016835 seconds .

========================================================================
Received Prepare
Registering precompiled user dll's ...
Registered in 0.003319 seconds.
Begin MonoManager ReloadAssembly
Native extension for WindowsStandalone target not found
Refreshing native plugins compatible for Editor in 0.52 ms, found 3 plugins.
Preloading 0 native plugins for Editor in 0.00 ms.
Mono: successfully reloaded assembly
- Completed reload, in  0.872 seconds
Domain Reload Profiling:
	ReloadAssembly (873ms)
		BeginReloadAssembly (103ms)
			ExecutionOrderSort (0ms)
			DisableScriptedObjects (5ms)
			BackupInstance (0ms)
			ReleaseScriptingObjects (0ms)
			CreateAndSetChildDomain (30ms)
		EndReloadAssembly (720ms)
			LoadAssemblies (69ms)
			RebuildTransferFunctionScriptingTraits (0ms)
			SetupTypeCache (234ms)
			ReleaseScriptCaches (1ms)
			RebuildScriptCaches (35ms)
			SetupLoadedEditorAssemblies (296ms)
				LogAssemblyErrors (0ms)
				InitializePlatformSupportModulesInManaged (4ms)
				SetLoadedEditorAssemblies (0ms)
				RefreshPlugins (1ms)
				BeforeProcessingInitializeOnLoad (74ms)
				ProcessInitializeOnLoadAttributes (210ms)
				ProcessInitializeOnLoadMethodAttributes (5ms)
				AfterProcessingInitializeOnLoad (2ms)
				EditorAssembliesLoaded (0ms)
			ExecutionOrderSort2 (0ms)
			AwakeInstancesAfterBackupRestoration (9ms)
Platform modules already initialized, skipping
Refreshing native plugins compatible for Editor in 0.45 ms, found 3 plugins.
Preloading 0 native plugins for Editor in 0.00 ms.
Unloading 2082 Unused Serialized files (Serialized files now loaded: 0)
System memory in use before: 97.9 MB.
System memory in use after: 98.1 MB.

Unloading 16 unused Assets to reduce memory usage. Loaded Objects now: 2541.
Total: 2.729500 ms (FindLiveObjects: 0.189700 ms CreateObjectMapping: 0.042700 ms MarkObjects: 2.480500 ms  DeleteObjects: 0.015800 ms)

AssetImportParameters requested are different than current active one (requested -> active):
  custom:framework-win-MediaFoundation: 216162199b28c13a410421893ffa2e32 -> 
  custom:video-decoder-ogg-theora: a1e56fd34408186e4bbccfd4996cb3dc -> 
  custom:container-muxer-webm: aa71ff27fc2769a1b78a27578f13a17b -> 
  custom:container-demuxer-webm: 4f35f7cbe854078d1ac9338744f61a02 -> 
  custom:container-demuxer-ogg: 62fdf1f143b41e24485cea50d1cbac27 -> 
  custom:video-encoder-webm-vp8: eb34c28f22e8b96e1ab97ce403110664 -> 
  custom:video-decoder-webm-vp8: 9c59270c3fd7afecdb556c50c9e8de78 -> 
  custom:audio-decoder-ogg-vorbis: bf7c407c2cedff20999df2af8eb42d56 -> 
  custom:audio-encoder-webm-vorbis: bf7c407c2cedff20999df2af8eb42d56 -> 
========================================================================
Received Import Request.
  Time since last request: 235.245603 seconds.
  path: Assets/newscript.cs
  artifactKey: Guid(da94df317c13b784dbd147ab585814af) Importer(815301076,1909f56bfc062723c751e8b465ee728b)
Start importing Assets/newscript.cs using Guid(da94df317c13b784dbd147ab585814af) Importer(815301076,1909f56bfc062723c751e8b465ee728b)  -> (artifact id: '3028cebf9f972b7443bcd3a778d71109') in 0.050461 seconds 
  Import took 0.054412 seconds .

========================================================================
Received Import Request.
  Time since last request: 145.174047 seconds.
  path: Assets/newscript.cs
  artifactKey: Guid(da94df317c13b784dbd147ab585814af) Importer(815301076,1909f56bfc062723c751e8b465ee728b)
Start importing Assets/newscript.cs using Guid(da94df317c13b784dbd147ab585814af) Importer(815301076,1909f56bfc062723c751e8b465ee728b)  -> (artifact id: 'f95a361c45ee83834a17a5d9bae2d661') in 0.005325 seconds 
  Import took 0.008881 seconds .

========================================================================
Received Import Request.
  Time since last request: 196.533424 seconds.
  path: Assets/newscript.cs
  artifactKey: Guid(da94df317c13b784dbd147ab585814af) Importer(815301076,1909f56bfc062723c751e8b465ee728b)
Start importing Assets/newscript.cs using Guid(da94df317c13b784dbd147ab585814af) Importer(815301076,1909f56bfc062723c751e8b465ee728b)  -> (artifact id: '011f04a5bcdef038be59a09fa37772e9') in 0.002659 seconds 
  Import took 0.006128 seconds .

========================================================================
Received Import Request.
  Time since last request: 44.379265 seconds.
  path: Assets/NewBehaviourScript.cs
  artifactKey: Guid(95ad7830c5968b94c9e2408bb6a147e5) Importer(815301076,1909f56bfc062723c751e8b465ee728b)
Start importing Assets/NewBehaviourScript.cs using Guid(95ad7830c5968b94c9e2408bb6a147e5) Importer(815301076,1909f56bfc062723c751e8b465ee728b)  -> (artifact id: 'abb32b3271ed9d2845900236564a8e5d') in 0.005858 seconds 
  Import took 0.010623 seconds .

========================================================================
Received Import Request.
  Time since last request: 46.180637 seconds.
  path: Assets/NewBehaviourScript.cs
  artifactKey: Guid(95ad7830c5968b94c9e2408bb6a147e5) Importer(815301076,1909f56bfc062723c751e8b465ee728b)
Start importing Assets/NewBehaviourScript.cs using Guid(95ad7830c5968b94c9e2408bb6a147e5) Importer(815301076,1909f56bfc062723c751e8b465ee728b)  -> (artifact id: 'c21a6e02fe72b97d0ef1ce366b924d9a') in 0.001761 seconds 
  Import took 0.005747 seconds .

========================================================================
Received Import Request.
  Time since last request: 0.046348 seconds.
  path: Assets/NewBehaviourScript.cs
  artifactKey: Guid(95ad7830c5968b94c9e2408bb6a147e5) Importer(815301076,1909f56bfc062723c751e8b465ee728b)
Start importing Assets/NewBehaviourScript.cs using Guid(95ad7830c5968b94c9e2408bb6a147e5) Importer(815301076,1909f56bfc062723c751e8b465ee728b)  -> (artifact id: 'c21a6e02fe72b97d0ef1ce366b924d9a') in 0.002026 seconds 
  Import took 0.005011 seconds .

========================================================================
Received Import Request.
  Time since last request: 96.589561 seconds.
  path: Assets/NewBehaviourScript.cs
  artifactKey: Guid(95ad7830c5968b94c9e2408bb6a147e5) Importer(815301076,1909f56bfc062723c751e8b465ee728b)
Start importing Assets/NewBehaviourScript.cs using Guid(95ad7830c5968b94c9e2408bb6a147e5) Importer(815301076,1909f56bfc062723c751e8b465ee728b)  -> (artifact id: '9e2f47c64f456cc5e5f1f227993c200e') in 0.001726 seconds 
  Import took 0.005137 seconds .

========================================================================
Received Import Request.
  Time since last request: 0.063853 seconds.
  path: Assets/NewBehaviourScript.cs
  artifactKey: Guid(95ad7830c5968b94c9e2408bb6a147e5) Importer(815301076,1909f56bfc062723c751e8b465ee728b)
Start importing Assets/NewBehaviourScript.cs using Guid(95ad7830c5968b94c9e2408bb6a147e5) Importer(815301076,1909f56bfc062723c751e8b465ee728b)  -> (artifact id: '9e2f47c64f456cc5e5f1f227993c200e') in 0.003301 seconds 
  Import took 0.006269 seconds .

AssetImportWorkerClient::OnTransportError - code=2 error=End of file
